<?xml version="1.0" encoding="UTF-8"?>
<testsuite xmlns:xsi="http://www.w3.org/2001/XMLSchema-instance" xsi:noNamespaceSchemaLocation="https://maven.apache.org/surefire/maven-surefire-plugin/xsd/surefire-test-report.xsd" name="runner.TestRunner" time="30.78" tests="1" errors="1" skipped="0" failures="0">
  <properties>
[...]
</properties>
  <testcase name="[TestID-01] User enters departure, destination city code and selects todays date to search for flight status" classname="Our website users should be able get the flights status of a given flight route by a given date" time="29.093">
    <error message="no such element: Unable to locate element: {&quot;method&quot;:&quot;xpath&quot;,&quot;selector&quot;:&quot;//button[contains(@class,&apos;cookie-consent--cta-accept&apos;)]&quot;}&#10;  (Session info: chrome=92.0.4515.131)&#10;For documentation on this error, please visit: https://www.seleniumhq.org/exceptions/no_such_element.html&#10;Build info: version: &apos;3.141.59&apos;, revision: &apos;e82be7d358&apos;, time: &apos;2018-11-14T08:17:03&apos;&#10;System info: host: &apos;VIKAS-PC&apos;, ip: &apos;192.168.1.111&apos;, os.name: &apos;Windows 8.1&apos;, os.arch: &apos;amd64&apos;, os.version: &apos;6.3&apos;, java.version: &apos;16.0.2&apos;&#10;Driver info: org.openqa.selenium.chrome.ChromeDriver&#10;Capabilities {acceptInsecureCerts: false, browserName: chrome, browserVersion: 92.0.4515.131, chrome: {chromedriverVersion: 92.0.4515.43 (8c61b7e2989f2..., userDataDir: C:\Users\Vikas\AppData\Loca...}, goog:chromeOptions: {debuggerAddress: localhost:52556}, javascriptEnabled: true, networkConnectionEnabled: false, pageLoadStrategy: normal, platform: WINDOWS, platformName: WINDOWS, proxy: Proxy(), setWindowRect: true, strictFileInteractability: false, timeouts: {implicit: 0, pageLoad: 300000, script: 30000}, unhandledPromptBehavior: dismiss and notify, webauthn:extension:credBlob: true, webauthn:extension:largeBlob: true, webauthn:virtualAuthenticators: true}&#10;Session ID: b0a0ca3c8696746f902a6bffdd4f6dc1&#10;*** Element info: {Using=xpath, value=//button[contains(@class,&apos;cookie-consent--cta-accept&apos;)]}" type="org.openqa.selenium.NoSuchElementException">org.openqa.selenium.NoSuchElementException: 
no such element: Unable to locate element: {"method":"xpath","selector":"//button[contains(@class,'cookie-consent--cta-accept')]"}
  (Session info: chrome=92.0.4515.131)
For documentation on this error, please visit: https://www.seleniumhq.org/exceptions/no_such_element.html
Build info: version: '3.141.59', revision: 'e82be7d358', time: '2018-11-14T08:17:03'
System info: host: 'VIKAS-PC', ip: '192.168.1.111', os.name: 'Windows 8.1', os.arch: 'amd64', os.version: '6.3', java.version: '16.0.2'
Driver info: org.openqa.selenium.chrome.ChromeDriver
Capabilities {acceptInsecureCerts: false, browserName: chrome, browserVersion: 92.0.4515.131, chrome: {chromedriverVersion: 92.0.4515.43 (8c61b7e2989f2..., userDataDir: C:\Users\Vikas\AppData\Loca...}, goog:chromeOptions: {debuggerAddress: localhost:52556}, javascriptEnabled: true, networkConnectionEnabled: false, pageLoadStrategy: normal, platform: WINDOWS, platformName: WINDOWS, proxy: Proxy(), setWindowRect: true, strictFileInteractability: false, timeouts: {implicit: 0, pageLoad: 300000, script: 30000}, unhandledPromptBehavior: dismiss and notify, webauthn:extension:credBlob: true, webauthn:extension:largeBlob: true, webauthn:virtualAuthenticators: true}
Session ID: b0a0ca3c8696746f902a6bffdd4f6dc1
*** Element info: {Using=xpath, value=//button[contains(@class,'cookie-consent--cta-accept')]}
</error>
    <system-out><![CDATA[
@P1 @regression @smoke
Scenario Outline: [TestID-01] User enters departure, destination city code and selects todays date to search for flight status # src/test/resources/Features/ShowFlightStatus.feature:17
[INFO ] 2021-08-18 11:55:51.807 [main] Log - 1st   === IDriver >>==================================>> ChromeDriver: chrome on WINDOWS (b0a0ca3c8696746f902a6bffdd4f6dc1)
[INFO ] 2021-08-18 11:55:51.811 [main] Log - Driver not found. Creating Driver...........
Creating map
[INFO ] 2021-08-18 11:55:51.876 [main] Log - Inside stepFile - ShowFlightStatus >> User has launched eurowings.com flight status page
[INFO ] 2021-08-18 11:55:51.876 [main] Log - In BrowserFactory >> getDriver and navigate with URL - https://www.eurowings.com/en/information/at-the-airport/flight-status.html
  Given User has launched flight status page                                                                                   # stepDefinitions.ShowFlightStatusStepDef.user_has_launched_flight_status_page()
      org.openqa.selenium.NoSuchElementException: no such element: Unable to locate element: {"method":"xpath","selector":"//button[contains(@class,'cookie-consent--cta-accept')]"}
  (Session info: chrome=92.0.4515.131)
For documentation on this error, please visit: https://www.seleniumhq.org/exceptions/no_such_element.html
Build info: version: '3.141.59', revision: 'e82be7d358', time: '2018-11-14T08:17:03'
System info: host: 'VIKAS-PC', ip: '192.168.1.111', os.name: 'Windows 8.1', os.arch: 'amd64', os.version: '6.3', java.version: '16.0.2'
Driver info: org.openqa.selenium.chrome.ChromeDriver
Capabilities {acceptInsecureCerts: false, browserName: chrome, browserVersion: 92.0.4515.131, chrome: {chromedriverVersion: 92.0.4515.43 (8c61b7e2989f2..., userDataDir: C:\Users\Vikas\AppData\Loca...}, goog:chromeOptions: {debuggerAddress: localhost:52556}, javascriptEnabled: true, networkConnectionEnabled: false, pageLoadStrategy: normal, platform: WINDOWS, platformName: WINDOWS, proxy: Proxy(), setWindowRect: true, strictFileInteractability: false, timeouts: {implicit: 0, pageLoad: 300000, script: 30000}, unhandledPromptBehavior: dismiss and notify, webauthn:extension:credBlob: true, webauthn:extension:largeBlob: true, webauthn:virtualAuthenticators: true}
Session ID: b0a0ca3c8696746f902a6bffdd4f6dc1
*** Element info: {Using=xpath, value=//button[contains(@class,'cookie-consent--cta-accept')]}
	at java.base/jdk.internal.reflect.NativeConstructorAccessorImpl.newInstance0(Native Method)
	at java.base/jdk.internal.reflect.NativeConstructorAccessorImpl.newInstance(NativeConstructorAccessorImpl.java:78)
	at java.base/jdk.internal.reflect.DelegatingConstructorAccessorImpl.newInstance(DelegatingConstructorAccessorImpl.java:45)
	at java.base/java.lang.reflect.Constructor.newInstanceWithCaller(Constructor.java:499)
	at java.base/java.lang.reflect.Constructor.newInstance(Constructor.java:480)
	at org.openqa.selenium.remote.http.W3CHttpResponseCodec.createException(W3CHttpResponseCodec.java:187)
	at org.openqa.selenium.remote.http.W3CHttpResponseCodec.decode(W3CHttpResponseCodec.java:122)
	at org.openqa.selenium.remote.http.W3CHttpResponseCodec.decode(W3CHttpResponseCodec.java:49)
	at org.openqa.selenium.remote.HttpCommandExecutor.execute(HttpCommandExecutor.java:158)
	at org.openqa.selenium.remote.service.DriverCommandExecutor.execute(DriverCommandExecutor.java:83)
	at org.openqa.selenium.remote.RemoteWebDriver.execute(RemoteWebDriver.java:552)
	at org.openqa.selenium.remote.RemoteWebDriver.findElement(RemoteWebDriver.java:323)
	at org.openqa.selenium.remote.RemoteWebDriver.findElementByXPath(RemoteWebDriver.java:428)
	at org.openqa.selenium.By$ByXPath.findElement(By.java:353)
	at org.openqa.selenium.remote.RemoteWebDriver.findElement(RemoteWebDriver.java:315)
	at pages.BlankPage.openFlightStatusPage(BlankPage.java:21)
	at stepDefinitions.ShowFlightStatusStepDef.user_has_launched_flight_status_page(ShowFlightStatusStepDef.java:30)
	at âœ½.User has launched flight status page(file:///C:/Users/Vikas/eclipse-workspace/BDD_AT_TestProject/src/test/resources/Features/ShowFlightStatus.feature:7)

  And User enters CGN in Departure field                                                                                       # stepDefinitions.ShowFlightStatusStepDef.user_enters_in_departure_field(java.lang.String)
  And User enters BER in Destination field                                                                                     # stepDefinitions.ShowFlightStatusStepDef.user_enters_in_destination_field(java.lang.String)
  And User selects today in Date field                                                                                         # stepDefinitions.ShowFlightStatusStepDef.user_selects_success_in_date_field(java.lang.String)
  When clicks Show flight status button                                                                                        # stepDefinitions.ShowFlightStatusStepDef.clicks_show_flight_button()
  Then user can see the flight status as on time for the route and date selected                                               # stepDefinitions.ShowFlightStatusStepDef.user_can_see_the_flight_status_for_the_route_and_date_selected(java.lang.String)
  And closes browser                                                                                                           # stepDefinitions.ShowFlightStatusStepDef.closes_browser()
]]></system-out>
    <system-err><![CDATA[Starting ChromeDriver 92.0.4515.43 (8c61b7e2989f2990d42f859cac71319137787cce-refs/branch-heads/4515@{#306}) on port 49106
Only local connections are allowed.
Please see https://chromedriver.chromium.org/security-considerations for suggestions on keeping ChromeDriver safe.
ChromeDriver was started successfully.
Aug 18, 2021 11:55:44 AM org.openqa.selenium.remote.ProtocolHandshake createSession
INFO: Detected dialect: W3C
]]></system-err>
  </testcase>
</testsuite>